2023-10-03 11:08:07,128 - ERROR - Error in monitoring module: [Errno 2] No such file or directory: 'config.json'
2023-10-03 11:15:05,568 - INFO - Starting activity monitoring...
2023-10-03 11:38:35,463 - INFO - Signal received. Exiting gracefully...
2023-10-03 11:48:50,861 - INFO - Starting activity monitoring...
2023-10-03 11:48:52,592 - INFO - Signal received. Exiting gracefully...
2023-10-03 11:55:38,705 - ERROR - Error in monitoring module: cannot set daemon status of active thread
2023-10-03 11:58:46,967 - INFO - Starting activity monitoring...
2023-10-03 11:58:48,745 - INFO - Signal received. Exiting gracefully...
2023-10-03 13:32:00,187 - INFO - Starting activity monitoring...
2023-10-03 13:32:01,534 - INFO - Signal received. Exiting gracefully...
2023-10-03 14:07:23,409 - INFO - Starting activity monitoring...
2023-10-03 14:07:55,651 - INFO - Starting activity monitoring...
2023-10-03 14:15:45,854 - INFO - Signal received. Exiting gracefully...
2023-10-03 14:30:14,278 - INFO - Starting activity monitoring...
2023-10-03 14:31:28,538 - INFO - Starting activity monitoring...
2023-10-03 14:32:19,192 - INFO - Starting activity monitoring...
2023-10-03 14:32:20,776 - INFO - Signal received. Exiting gracefully...
2023-10-03 14:41:09,355 - INFO - Starting activity monitoring...
2023-10-03 14:41:11,415 - INFO - Signal received. Exiting gracefully...
2023-10-03 14:54:03,923 - INFO - Starting activity monitoring... PID: 184602
2023-10-03 14:54:07,842 - INFO - Signal received. Exiting gracefully...
2023-10-03 14:56:51,775 - INFO - Starting activity monitoring... PID: 186286
2023-10-03 14:56:55,595 - INFO - Signal received. Exiting gracefully...
2023-10-03 14:58:09,396 - INFO - Starting activity monitoring... PID: 191871
2023-10-03 14:58:15,666 - INFO - Signal received. Exiting gracefully...
2023-10-03 14:58:43,251 - INFO - Starting activity monitoring... PID: 192198
2023-10-03 14:58:52,842 - INFO - Signal received. Exiting gracefully...
2023-10-03 14:59:19,154 - INFO - Starting activity monitoring... PID: 192544
2023-10-03 14:59:20,603 - INFO - Signal received. Exiting gracefully...
2023-10-25 12:33:35,203 - INFO - Starting activity monitoring... PID: 672179
2023-10-25 12:37:39,223 - INFO - Signal received. Exiting gracefully...
2023-10-25 12:38:27,940 - INFO - Starting activity monitoring... PID: 674908
2023-10-25 12:38:30,343 - INFO - Signal received. Exiting gracefully...
